<?xml version="1.0" encoding="UTF-8"?>
<!-- Generated by org.testng.reporters.JUnitReportReporter -->
<testsuite hostname="Susans-MBP.hub" name="tests.PutPatchDeleteExamples" tests="3" failures="0" timestamp="17 Jan 2022 02:25:09 GMT" time="5.532" errors="0">
  <testcase name="testDelete" time="3.684" classname="tests.PutPatchDeleteExamples"/>
  <testcase name="testPut" time="0.872" classname="tests.PutPatchDeleteExamples"/>
  <testcase name="testPatch" time="0.976" classname="tests.PutPatchDeleteExamples"/>
</testsuite> <!-- tests.PutPatchDeleteExamples -->
