<?xml version="1.0" encoding="UTF-8"?>
<!-- Generated by org.testng.reporters.JUnitReportReporter -->
<testsuite hostname="Susans-MBP.hub" name="tests.TestsExamples" tests="2" failures="0" timestamp="16 Jan 2022 09:47:43 GMT" time="2.508" errors="0">
  <testcase name="test_1" time="1.638" classname="tests.TestsExamples"/>
  <testcase name="test_2" time="0.870" classname="tests.TestsExamples"/>
</testsuite> <!-- tests.TestsExamples -->
