<?xml version="1.0" encoding="UTF-8"?>
<!-- Generated by org.testng.reporters.JUnitReportReporter -->
<testsuite hostname="Susans-MBP.hub" name="tests.SoapXMLRequest" tests="1" failures="0" timestamp="19 Jan 2022 09:40:09 GMT" time="2.364" errors="0">
  <testcase name="validateSoapXML" time="2.364" classname="tests.SoapXMLRequest"/>
</testsuite> <!-- tests.SoapXMLRequest -->
