<?xml version="1.0" encoding="UTF-8"?>
<!-- Generated by org.testng.reporters.JUnitReportReporter -->
<testsuite hostname="Susans-MBP.hub" name="tests.GetAndPostExamples" tests="1" failures="0" timestamp="17 Jan 2022 02:16:48 GMT" time="2.869" errors="0">
  <testcase name="testPost" time="2.869" classname="tests.GetAndPostExamples"/>
</testsuite> <!-- tests.GetAndPostExamples -->
