<?xml version="1.0" encoding="UTF-8"?>
<!-- Generated by org.testng.reporters.JUnitReportReporter -->
<testsuite hostname="Susans-MBP.hub" name="tests.TestsOnLocalAPI" tests="1" failures="0" timestamp="17 Jan 2022 09:22:16 GMT" time="1.375" errors="0">
  <testcase name="delete" time="1.375" classname="tests.TestsOnLocalAPI"/>
</testsuite> <!-- tests.TestsOnLocalAPI -->
