<?xml version="1.0" encoding="UTF-8"?>
<!-- Generated by org.testng.reporters.JUnitReportReporter -->
<testsuite hostname="Susans-MBP.hub" name="tests.JSONSchemaValidator" tests="1" failures="0" timestamp="17 Jan 2022 09:59:21 GMT" time="4.340" errors="0">
  <testcase name="testGet" time="4.340" classname="tests.JSONSchemaValidator"/>
</testsuite> <!-- tests.JSONSchemaValidator -->
